[2025-06-19T17:11:56.530+0000] {taskinstance.py:1157} INFO - Dependencies all met for dep_context=non-requeueable deps ti=<TaskInstance: price_tracker.track_prices scheduled__2025-06-19T06:00:00+00:00 [queued]>
[2025-06-19T17:11:56.538+0000] {taskinstance.py:1157} INFO - Dependencies all met for dep_context=requeueable deps ti=<TaskInstance: price_tracker.track_prices scheduled__2025-06-19T06:00:00+00:00 [queued]>
[2025-06-19T17:11:56.539+0000] {taskinstance.py:1359} INFO - Starting attempt 1 of 3
[2025-06-19T17:11:56.572+0000] {taskinstance.py:1380} INFO - Executing <Task(PythonOperator): track_prices> on 2025-06-19 06:00:00+00:00
[2025-06-19T17:11:56.588+0000] {standard_task_runner.py:57} INFO - Started process 712 to run task
[2025-06-19T17:11:56.595+0000] {standard_task_runner.py:84} INFO - Running: ['***', 'tasks', 'run', 'price_tracker', 'track_prices', 'scheduled__2025-06-19T06:00:00+00:00', '--job-id', '2', '--raw', '--subdir', 'DAGS_FOLDER/price_tracker_dag.py', '--cfg-path', '/tmp/tmp88o6eikb']
[2025-06-19T17:11:56.600+0000] {standard_task_runner.py:85} INFO - Job 2: Subtask track_prices
[2025-06-19T17:11:56.711+0000] {task_command.py:415} INFO - Running <TaskInstance: price_tracker.track_prices scheduled__2025-06-19T06:00:00+00:00 [running]> on host 5eb51f045f82
[2025-06-19T17:11:56.836+0000] {taskinstance.py:1660} INFO - Exporting env vars: AIRFLOW_CTX_DAG_OWNER='***' AIRFLOW_CTX_DAG_ID='price_tracker' AIRFLOW_CTX_TASK_ID='track_prices' AIRFLOW_CTX_EXECUTION_DATE='2025-06-19T06:00:00+00:00' AIRFLOW_CTX_TRY_NUMBER='1' AIRFLOW_CTX_DAG_RUN_ID='scheduled__2025-06-19T06:00:00+00:00'
[2025-06-19T17:11:56.838+0000] {price_tracker_dag.py:54} INFO - Démarrage du processus de suivi des prix
[2025-06-19T17:11:56.851+0000] {processor.py:135} INFO - Démarrage du suivi des prix pour 5 produits
[2025-06-19T17:11:56.851+0000] {processor.py:107} INFO - Traitement du produit: iPhone 13 (ID: product1)
[2025-06-19T17:11:56.853+0000] {scraper.py:96} INFO - Récupération du prix depuis: https://www.amazon.fr/Apple-iPhone-13-128-Go/dp/B09G9HD6PD/
[2025-06-19T17:11:57.051+0000] {scraper.py:127} WARNING - Élément de prix non trouvé avec le sélecteur: .a-price .a-offscreen
[2025-06-19T17:11:57.052+0000] {scraper.py:130} INFO - Titre du produit trouvé: Unknown Product, mais pas de prix avec le sélecteur fourni.
[2025-06-19T17:11:57.052+0000] {scraper.py:93} INFO - Tentative 2/3 - Attente de 3.40 secondes
[2025-06-19T17:12:00.459+0000] {scraper.py:96} INFO - Récupération du prix depuis: https://www.amazon.fr/Apple-iPhone-13-128-Go/dp/B09G9HD6PD/
[2025-06-19T17:12:00.757+0000] {scraper.py:127} WARNING - Élément de prix non trouvé avec le sélecteur: .a-price .a-offscreen
[2025-06-19T17:12:00.758+0000] {scraper.py:130} INFO - Titre du produit trouvé: Unknown Product, mais pas de prix avec le sélecteur fourni.
[2025-06-19T17:12:00.758+0000] {scraper.py:93} INFO - Tentative 3/3 - Attente de 4.54 secondes
[2025-06-19T17:12:05.302+0000] {scraper.py:96} INFO - Récupération du prix depuis: https://www.amazon.fr/Apple-iPhone-13-128-Go/dp/B09G9HD6PD/
[2025-06-19T17:12:05.431+0000] {scraper.py:127} WARNING - Élément de prix non trouvé avec le sélecteur: .a-price .a-offscreen
[2025-06-19T17:12:05.432+0000] {scraper.py:130} INFO - Titre du produit trouvé: Unknown Product, mais pas de prix avec le sélecteur fourni.
[2025-06-19T17:12:05.434+0000] {save_price.py:60} WARNING - Enregistrement ignoré en raison d'un prix invalide ou d'un statut d'erreur: {'price': None, 'title': 'Produit Inconnu', 'currency': 'Inconnu', 'status': 'error', 'message': 'Échec de récupération du prix après plusieurs tentatives', 'url': 'https://www.amazon.fr/Apple-iPhone-13-128-Go/dp/B09G9HD6PD/', 'source': 'error'}
[2025-06-19T17:12:05.434+0000] {processor.py:107} INFO - Traitement du produit: Samsung Galaxy S22 (ID: product2)
[2025-06-19T17:12:05.435+0000] {scraper.py:96} INFO - Récupération du prix depuis: https://www.amazon.fr/Samsung-Galaxy-S22-Smartphone-Graphite/dp/B09Q8LNQBT/
[2025-06-19T17:12:05.529+0000] {scraper.py:127} WARNING - Élément de prix non trouvé avec le sélecteur: .a-price .a-offscreen
[2025-06-19T17:12:05.530+0000] {scraper.py:130} INFO - Titre du produit trouvé: Unknown Product, mais pas de prix avec le sélecteur fourni.
[2025-06-19T17:12:05.530+0000] {scraper.py:93} INFO - Tentative 2/3 - Attente de 3.62 secondes
[2025-06-19T17:12:09.151+0000] {scraper.py:96} INFO - Récupération du prix depuis: https://www.amazon.fr/Samsung-Galaxy-S22-Smartphone-Graphite/dp/B09Q8LNQBT/
[2025-06-19T17:12:09.320+0000] {scraper.py:127} WARNING - Élément de prix non trouvé avec le sélecteur: .a-price .a-offscreen
[2025-06-19T17:12:09.322+0000] {scraper.py:130} INFO - Titre du produit trouvé: Unknown Product, mais pas de prix avec le sélecteur fourni.
[2025-06-19T17:12:09.324+0000] {scraper.py:93} INFO - Tentative 3/3 - Attente de 3.70 secondes
[2025-06-19T17:12:13.027+0000] {scraper.py:96} INFO - Récupération du prix depuis: https://www.amazon.fr/Samsung-Galaxy-S22-Smartphone-Graphite/dp/B09Q8LNQBT/
[2025-06-19T17:12:13.143+0000] {scraper.py:127} WARNING - Élément de prix non trouvé avec le sélecteur: .a-price .a-offscreen
[2025-06-19T17:12:13.144+0000] {scraper.py:130} INFO - Titre du produit trouvé: Unknown Product, mais pas de prix avec le sélecteur fourni.
[2025-06-19T17:12:13.149+0000] {save_price.py:60} WARNING - Enregistrement ignoré en raison d'un prix invalide ou d'un statut d'erreur: {'price': None, 'title': 'Produit Inconnu', 'currency': 'Inconnu', 'status': 'error', 'message': 'Échec de récupération du prix après plusieurs tentatives', 'url': 'https://www.amazon.fr/Samsung-Galaxy-S22-Smartphone-Graphite/dp/B09Q8LNQBT/', 'source': 'error'}
[2025-06-19T17:12:13.150+0000] {processor.py:107} INFO - Traitement du produit: Sony WH-1000XM4 (ID: product3)
[2025-06-19T17:12:13.150+0000] {scraper.py:96} INFO - Récupération du prix depuis: https://www.amazon.fr/Sony-WH-1000XM4-Bluetooth-cancelling-Compatible/dp/B08C7KG5LP/
[2025-06-19T17:12:13.243+0000] {scraper.py:127} WARNING - Élément de prix non trouvé avec le sélecteur: .a-price .a-offscreen
[2025-06-19T17:12:13.244+0000] {scraper.py:130} INFO - Titre du produit trouvé: Unknown Product, mais pas de prix avec le sélecteur fourni.
[2025-06-19T17:12:13.245+0000] {scraper.py:93} INFO - Tentative 2/3 - Attente de 3.71 secondes
[2025-06-19T17:12:16.964+0000] {scraper.py:96} INFO - Récupération du prix depuis: https://www.amazon.fr/Sony-WH-1000XM4-Bluetooth-cancelling-Compatible/dp/B08C7KG5LP/
[2025-06-19T17:12:17.076+0000] {scraper.py:127} WARNING - Élément de prix non trouvé avec le sélecteur: .a-price .a-offscreen
[2025-06-19T17:12:17.077+0000] {scraper.py:130} INFO - Titre du produit trouvé: Unknown Product, mais pas de prix avec le sélecteur fourni.
[2025-06-19T17:12:17.078+0000] {scraper.py:93} INFO - Tentative 3/3 - Attente de 4.96 secondes
[2025-06-19T17:12:22.044+0000] {scraper.py:96} INFO - Récupération du prix depuis: https://www.amazon.fr/Sony-WH-1000XM4-Bluetooth-cancelling-Compatible/dp/B08C7KG5LP/
[2025-06-19T17:12:22.272+0000] {scraper.py:127} WARNING - Élément de prix non trouvé avec le sélecteur: .a-price .a-offscreen
[2025-06-19T17:12:22.273+0000] {scraper.py:130} INFO - Titre du produit trouvé: Unknown Product, mais pas de prix avec le sélecteur fourni.
[2025-06-19T17:12:22.275+0000] {save_price.py:60} WARNING - Enregistrement ignoré en raison d'un prix invalide ou d'un statut d'erreur: {'price': None, 'title': 'Produit Inconnu', 'currency': 'Inconnu', 'status': 'error', 'message': 'Échec de récupération du prix après plusieurs tentatives', 'url': 'https://www.amazon.fr/Sony-WH-1000XM4-Bluetooth-cancelling-Compatible/dp/B08C7KG5LP/', 'source': 'error'}
[2025-06-19T17:12:22.275+0000] {processor.py:107} INFO - Traitement du produit: Samsung Galaxy A06 4GB+64GB (ID: 01ce2c88)
[2025-06-19T17:12:22.275+0000] {scraper.py:96} INFO - Récupération du prix depuis: https://www.amazon.fr/Samsung-Galaxy-64GB-Version-Internationale/dp/B0DDKLRFVV/
[2025-06-19T17:12:22.510+0000] {scraper.py:127} WARNING - Élément de prix non trouvé avec le sélecteur: .a-price .a-offscreen
[2025-06-19T17:12:22.510+0000] {scraper.py:130} INFO - Titre du produit trouvé: Unknown Product, mais pas de prix avec le sélecteur fourni.
[2025-06-19T17:12:22.511+0000] {scraper.py:93} INFO - Tentative 2/3 - Attente de 3.46 secondes
[2025-06-19T17:12:25.971+0000] {scraper.py:96} INFO - Récupération du prix depuis: https://www.amazon.fr/Samsung-Galaxy-64GB-Version-Internationale/dp/B0DDKLRFVV/
[2025-06-19T17:12:30.918+0000] {scraper.py:113} INFO - Prix trouvé: 89,90€
[2025-06-19T17:12:30.948+0000] {save_price.py:111} INFO - Prix 89.9 enregistré pour le produit Samsung Galaxy A06 4GB+64GB [Version Internationale] (Noir) (ID: 01ce2c88)
[2025-06-19T17:12:30.956+0000] {processor.py:64} ERROR - Erreur lors de la récupération du prix précédent pour le produit 01ce2c88: 'utf-8' codec can't decode byte 0x80 in position 71: invalid start byte
[2025-06-19T17:12:30.956+0000] {processor.py:107} INFO - Traitement du produit: Moulinex Epic Turbo Cuisine CE7548 (ID: 6a8bdd2c)
[2025-06-19T17:12:30.957+0000] {scraper.py:96} INFO - Récupération du prix depuis: https://www.amazon.fr/Moulinex-CE7548-Autocuiseur-%C3%A9lectrique-automatiques/dp/B09C92DN83/?_encoding=UTF8&pd_rd_w=VOChz&content-id=amzn1.sym.d37102d9-8167-4b94-875b-e83e36424ae4%3Aamzn1.symc.36bd837a-d66d-47d1-8457-ffe9a9f3ddab&pf_rd_p=d37102d9-8167-4b94-875b-e83e36424ae4&pf_rd_r=VQKHPAWNZBGW4Z3VY5SX&pd_rd_wg=3mVjM&pd_rd_r=da6cb1dc-fee1-4673-b39d-a30669106f9d&ref_=pd_hp_d_btf_ci_mcx_mr_hp_atf_m
[2025-06-19T17:12:31.149+0000] {scraper.py:127} WARNING - Élément de prix non trouvé avec le sélecteur: a-price .a-offscreen
[2025-06-19T17:12:31.149+0000] {scraper.py:130} INFO - Titre du produit trouvé: Unknown Product, mais pas de prix avec le sélecteur fourni.
[2025-06-19T17:12:31.149+0000] {scraper.py:93} INFO - Tentative 2/3 - Attente de 4.34 secondes
[2025-06-19T17:12:35.496+0000] {scraper.py:96} INFO - Récupération du prix depuis: https://www.amazon.fr/Moulinex-CE7548-Autocuiseur-%C3%A9lectrique-automatiques/dp/B09C92DN83/?_encoding=UTF8&pd_rd_w=VOChz&content-id=amzn1.sym.d37102d9-8167-4b94-875b-e83e36424ae4%3Aamzn1.symc.36bd837a-d66d-47d1-8457-ffe9a9f3ddab&pf_rd_p=d37102d9-8167-4b94-875b-e83e36424ae4&pf_rd_r=VQKHPAWNZBGW4Z3VY5SX&pd_rd_wg=3mVjM&pd_rd_r=da6cb1dc-fee1-4673-b39d-a30669106f9d&ref_=pd_hp_d_btf_ci_mcx_mr_hp_atf_m
[2025-06-19T17:12:35.594+0000] {scraper.py:127} WARNING - Élément de prix non trouvé avec le sélecteur: a-price .a-offscreen
[2025-06-19T17:12:35.595+0000] {scraper.py:130} INFO - Titre du produit trouvé: Unknown Product, mais pas de prix avec le sélecteur fourni.
[2025-06-19T17:12:35.595+0000] {scraper.py:93} INFO - Tentative 3/3 - Attente de 4.01 secondes
[2025-06-19T17:12:39.609+0000] {scraper.py:96} INFO - Récupération du prix depuis: https://www.amazon.fr/Moulinex-CE7548-Autocuiseur-%C3%A9lectrique-automatiques/dp/B09C92DN83/?_encoding=UTF8&pd_rd_w=VOChz&content-id=amzn1.sym.d37102d9-8167-4b94-875b-e83e36424ae4%3Aamzn1.symc.36bd837a-d66d-47d1-8457-ffe9a9f3ddab&pf_rd_p=d37102d9-8167-4b94-875b-e83e36424ae4&pf_rd_r=VQKHPAWNZBGW4Z3VY5SX&pd_rd_wg=3mVjM&pd_rd_r=da6cb1dc-fee1-4673-b39d-a30669106f9d&ref_=pd_hp_d_btf_ci_mcx_mr_hp_atf_m
[2025-06-19T17:12:39.703+0000] {scraper.py:127} WARNING - Élément de prix non trouvé avec le sélecteur: a-price .a-offscreen
[2025-06-19T17:12:39.704+0000] {scraper.py:130} INFO - Titre du produit trouvé: Unknown Product, mais pas de prix avec le sélecteur fourni.
[2025-06-19T17:12:39.710+0000] {save_price.py:60} WARNING - Enregistrement ignoré en raison d'un prix invalide ou d'un statut d'erreur: {'price': None, 'title': 'Produit Inconnu', 'currency': 'Inconnu', 'status': 'error', 'message': 'Échec de récupération du prix après plusieurs tentatives', 'url': 'https://www.amazon.fr/Moulinex-CE7548-Autocuiseur-%C3%A9lectrique-automatiques/dp/B09C92DN83/?_encoding=UTF8&pd_rd_w=VOChz&content-id=amzn1.sym.d37102d9-8167-4b94-875b-e83e36424ae4%3Aamzn1.symc.36bd837a-d66d-47d1-8457-ffe9a9f3ddab&pf_rd_p=d37102d9-8167-4b94-875b-e83e36424ae4&pf_rd_r=VQKHPAWNZBGW4Z3VY5SX&pd_rd_wg=3mVjM&pd_rd_r=da6cb1dc-fee1-4673-b39d-a30669106f9d&ref_=pd_hp_d_btf_ci_mcx_mr_hp_atf_m', 'source': 'error'}
[2025-06-19T17:12:39.711+0000] {processor.py:147} INFO - Suivi des prix terminé pour 5 produits
[2025-06-19T17:12:39.711+0000] {price_tracker_dag.py:58} INFO - Suivi des prix réussi pour 1/5 produits
[2025-06-19T17:12:39.730+0000] {python.py:194} INFO - Done. Returned value was: [{'id': 'product1', 'name': 'iPhone 13', 'price': None, 'timestamp': '2025-06-19 17:12:05'}, {'id': 'product2', 'name': 'Samsung Galaxy S22', 'price': None, 'timestamp': '2025-06-19 17:12:13'}, {'id': 'product3', 'name': 'Sony WH-1000XM4', 'price': None, 'timestamp': '2025-06-19 17:12:22'}, {'id': '01ce2c88', 'name': 'Samsung Galaxy A06 4GB+64GB', 'price': 89.9, 'timestamp': '2025-06-19 17:12:30'}, {'id': '6a8bdd2c', 'name': 'Moulinex Epic Turbo Cuisine CE7548', 'price': None, 'timestamp': '2025-06-19 17:12:39'}]
[2025-06-19T17:12:39.758+0000] {taskinstance.py:1398} INFO - Marking task as SUCCESS. dag_id=price_tracker, task_id=track_prices, execution_date=20250619T060000, start_date=20250619T171156, end_date=20250619T171239
[2025-06-19T17:12:39.810+0000] {local_task_job_runner.py:228} INFO - Task exited with return code 0
[2025-06-19T17:12:39.836+0000] {taskinstance.py:2776} INFO - 1 downstream tasks scheduled from follow-on schedule check
