[2025-06-14T10:56:23.086+0000] {manager.py:487} INFO - Processing files using up to 2 processes at a time 
[2025-06-14T10:56:23.086+0000] {manager.py:488} INFO - Process each file at most once every 30 seconds
[2025-06-14T10:56:23.087+0000] {manager.py:489} INFO - Checking for new files in /opt/airflow/dags every 300 seconds
[2025-06-14T10:56:23.087+0000] {manager.py:759} INFO - Searching for files in /opt/airflow/dags
[2025-06-14T10:56:23.112+0000] {manager.py:762} INFO - There are 1 files in /opt/airflow/dags
[2025-06-14T10:56:23.217+0000] {manager.py:893} INFO - 
================================================================================
DAG File Processing Stats

File Path                                 PID  Runtime      # DAGs    # Errors  Last Runtime    Last Run
--------------------------------------  -----  ---------  --------  ----------  --------------  ----------
/opt/airflow/dags/price_tracker_dag.py    175  0.05s             0           0
================================================================================
[2025-06-14T10:56:53.377+0000] {manager.py:893} INFO - 
================================================================================
DAG File Processing Stats

File Path                                 PID  Runtime      # DAGs    # Errors  Last Runtime    Last Run
--------------------------------------  -----  ---------  --------  ----------  --------------  -------------------
/opt/airflow/dags/price_tracker_dag.py    180  0.01s             0           1  0.09s           2025-06-14T10:56:23
================================================================================
[2025-06-14T10:57:23.540+0000] {manager.py:893} INFO - 
================================================================================
DAG File Processing Stats

File Path                                 PID  Runtime      # DAGs    # Errors  Last Runtime    Last Run
--------------------------------------  -----  ---------  --------  ----------  --------------  -------------------
/opt/airflow/dags/price_tracker_dag.py    185  0.01s             0           1  0.08s           2025-06-14T10:56:53
================================================================================
[2025-06-14T10:57:53.722+0000] {manager.py:893} INFO - 
================================================================================
DAG File Processing Stats

File Path                                 PID  Runtime      # DAGs    # Errors  Last Runtime    Last Run
--------------------------------------  -----  ---------  --------  ----------  --------------  -------------------
/opt/airflow/dags/price_tracker_dag.py    190  0.01s             0           1  0.08s           2025-06-14T10:57:23
================================================================================
[2025-06-14T10:58:23.893+0000] {manager.py:893} INFO - 
================================================================================
DAG File Processing Stats

File Path                                 PID  Runtime      # DAGs    # Errors  Last Runtime    Last Run
--------------------------------------  -----  ---------  --------  ----------  --------------  -------------------
/opt/airflow/dags/price_tracker_dag.py    195  0.01s             0           1  0.09s           2025-06-14T10:57:53
================================================================================
[2025-06-14T10:58:41.832+0000] {manager.py:469} INFO - Exiting gracefully upon receiving signal 15
[2025-06-14T10:58:55.123+0000] {manager.py:487} INFO - Processing files using up to 2 processes at a time 
[2025-06-14T10:58:55.124+0000] {manager.py:488} INFO - Process each file at most once every 30 seconds
[2025-06-14T10:58:55.125+0000] {manager.py:489} INFO - Checking for new files in /opt/airflow/dags every 300 seconds
[2025-06-14T10:58:55.125+0000] {manager.py:759} INFO - Searching for files in /opt/airflow/dags
[2025-06-14T10:58:55.147+0000] {manager.py:762} INFO - There are 1 files in /opt/airflow/dags
[2025-06-14T10:58:55.260+0000] {manager.py:893} INFO - 
================================================================================
DAG File Processing Stats

File Path                                 PID  Runtime      # DAGs    # Errors  Last Runtime    Last Run
--------------------------------------  -----  ---------  --------  ----------  --------------  ----------
/opt/airflow/dags/price_tracker_dag.py    175  0.05s             0           0
================================================================================
[2025-06-14T10:59:25.423+0000] {manager.py:893} INFO - 
================================================================================
DAG File Processing Stats

File Path                                 PID  Runtime      # DAGs    # Errors  Last Runtime    Last Run
--------------------------------------  -----  ---------  --------  ----------  --------------  -------------------
/opt/airflow/dags/price_tracker_dag.py    180  0.01s             0           1  0.08s           2025-06-14T10:58:55
================================================================================
[2025-06-14T10:59:55.589+0000] {manager.py:893} INFO - 
================================================================================
DAG File Processing Stats

File Path                                 PID  Runtime      # DAGs    # Errors  Last Runtime    Last Run
--------------------------------------  -----  ---------  --------  ----------  --------------  -------------------
/opt/airflow/dags/price_tracker_dag.py    185  0.01s             0           1  0.08s           2025-06-14T10:59:25
================================================================================
[2025-06-14T11:00:07.430+0000] {manager.py:469} INFO - Exiting gracefully upon receiving signal 15
[2025-06-14T11:00:19.825+0000] {manager.py:487} INFO - Processing files using up to 2 processes at a time 
[2025-06-14T11:00:19.826+0000] {manager.py:488} INFO - Process each file at most once every 30 seconds
[2025-06-14T11:00:19.826+0000] {manager.py:489} INFO - Checking for new files in /opt/airflow/dags every 300 seconds
[2025-06-14T11:00:19.826+0000] {manager.py:759} INFO - Searching for files in /opt/airflow/dags
[2025-06-14T11:00:19.850+0000] {manager.py:762} INFO - There are 1 files in /opt/airflow/dags
[2025-06-14T11:00:19.957+0000] {manager.py:893} INFO - 
================================================================================
DAG File Processing Stats

File Path                                 PID  Runtime      # DAGs    # Errors  Last Runtime    Last Run
--------------------------------------  -----  ---------  --------  ----------  --------------  ----------
/opt/airflow/dags/price_tracker_dag.py    175  0.05s             0           0
================================================================================
[2025-06-14T11:00:50.113+0000] {manager.py:893} INFO - 
================================================================================
DAG File Processing Stats

File Path                                 PID  Runtime      # DAGs    # Errors  Last Runtime    Last Run
--------------------------------------  -----  ---------  --------  ----------  --------------  -------------------
/opt/airflow/dags/price_tracker_dag.py    180  0.01s             0           1  0.09s           2025-06-14T11:00:19
================================================================================
[2025-06-14T11:01:16.238+0000] {manager.py:469} INFO - Exiting gracefully upon receiving signal 15
[2025-06-14T11:01:28.670+0000] {manager.py:487} INFO - Processing files using up to 2 processes at a time 
[2025-06-14T11:01:28.670+0000] {manager.py:488} INFO - Process each file at most once every 30 seconds
[2025-06-14T11:01:28.671+0000] {manager.py:489} INFO - Checking for new files in /opt/airflow/dags every 300 seconds
[2025-06-14T11:01:28.671+0000] {manager.py:759} INFO - Searching for files in /opt/airflow/dags
[2025-06-14T11:01:28.691+0000] {manager.py:762} INFO - There are 1 files in /opt/airflow/dags
[2025-06-14T11:01:28.781+0000] {manager.py:893} INFO - 
================================================================================
DAG File Processing Stats

File Path                                 PID  Runtime      # DAGs    # Errors  Last Runtime    Last Run
--------------------------------------  -----  ---------  --------  ----------  --------------  ----------
/opt/airflow/dags/price_tracker_dag.py    175  0.04s             0           0
================================================================================
[2025-06-14T11:01:58.928+0000] {manager.py:893} INFO - 
================================================================================
DAG File Processing Stats

File Path                               PID    Runtime      # DAGs    # Errors  Last Runtime    Last Run
--------------------------------------  -----  ---------  --------  ----------  --------------  -------------------
/opt/airflow/dags/price_tracker_dag.py                           0           1  1.18s           2025-06-14T11:01:29
================================================================================
[2025-06-14T11:02:10.121+0000] {manager.py:469} INFO - Exiting gracefully upon receiving signal 15
[2025-06-14T11:02:22.660+0000] {manager.py:487} INFO - Processing files using up to 2 processes at a time 
[2025-06-14T11:02:22.660+0000] {manager.py:488} INFO - Process each file at most once every 30 seconds
[2025-06-14T11:02:22.661+0000] {manager.py:489} INFO - Checking for new files in /opt/airflow/dags every 300 seconds
[2025-06-14T11:02:22.661+0000] {manager.py:759} INFO - Searching for files in /opt/airflow/dags
[2025-06-14T11:02:22.681+0000] {manager.py:762} INFO - There are 1 files in /opt/airflow/dags
[2025-06-14T11:02:22.771+0000] {manager.py:893} INFO - 
================================================================================
DAG File Processing Stats

File Path                                 PID  Runtime      # DAGs    # Errors  Last Runtime    Last Run
--------------------------------------  -----  ---------  --------  ----------  --------------  ----------
/opt/airflow/dags/price_tracker_dag.py    175  0.04s             0           0
================================================================================
[2025-06-14T11:02:52.907+0000] {manager.py:893} INFO - 
================================================================================
DAG File Processing Stats

File Path                               PID    Runtime      # DAGs    # Errors  Last Runtime    Last Run
--------------------------------------  -----  ---------  --------  ----------  --------------  -------------------
/opt/airflow/dags/price_tracker_dag.py                           0           1  1.18s           2025-06-14T11:02:23
================================================================================
[2025-06-14T11:03:23.172+0000] {manager.py:893} INFO - 
================================================================================
DAG File Processing Stats

File Path                               PID    Runtime      # DAGs    # Errors  Last Runtime    Last Run
--------------------------------------  -----  ---------  --------  ----------  --------------  -------------------
/opt/airflow/dags/price_tracker_dag.py                           0           1  0.58s           2025-06-14T11:02:54
================================================================================
[2025-06-14T11:03:53.308+0000] {manager.py:893} INFO - 
================================================================================
DAG File Processing Stats

File Path                               PID    Runtime      # DAGs    # Errors  Last Runtime    Last Run
--------------------------------------  -----  ---------  --------  ----------  --------------  -------------------
/opt/airflow/dags/price_tracker_dag.py                           0           1  0.51s           2025-06-14T11:03:25
================================================================================
[2025-06-14T11:04:23.517+0000] {manager.py:893} INFO - 
================================================================================
DAG File Processing Stats

File Path                               PID    Runtime      # DAGs    # Errors  Last Runtime    Last Run
--------------------------------------  -----  ---------  --------  ----------  --------------  -------------------
/opt/airflow/dags/price_tracker_dag.py                           0           1  0.51s           2025-06-14T11:03:55
================================================================================
[2025-06-14T11:04:53.599+0000] {manager.py:893} INFO - 
================================================================================
DAG File Processing Stats

File Path                               PID    Runtime      # DAGs    # Errors  Last Runtime    Last Run
--------------------------------------  -----  ---------  --------  ----------  --------------  -------------------
/opt/airflow/dags/price_tracker_dag.py                           0           1  0.51s           2025-06-14T11:04:26
================================================================================
[2025-06-14T11:05:24.388+0000] {manager.py:893} INFO - 
================================================================================
DAG File Processing Stats

File Path                               PID    Runtime      # DAGs    # Errors  Last Runtime    Last Run
--------------------------------------  -----  ---------  --------  ----------  --------------  -------------------
/opt/airflow/dags/price_tracker_dag.py                           0           1  0.56s           2025-06-14T11:04:57
================================================================================
[2025-06-14T11:05:54.553+0000] {manager.py:893} INFO - 
================================================================================
DAG File Processing Stats

File Path                               PID    Runtime      # DAGs    # Errors  Last Runtime    Last Run
--------------------------------------  -----  ---------  --------  ----------  --------------  -------------------
/opt/airflow/dags/price_tracker_dag.py                           0           1  0.39s           2025-06-14T11:05:27
================================================================================
[2025-06-14T11:06:03.701+0000] {manager.py:469} INFO - Exiting gracefully upon receiving signal 15
[2025-06-14T11:06:16.772+0000] {manager.py:487} INFO - Processing files using up to 2 processes at a time 
[2025-06-14T11:06:16.772+0000] {manager.py:488} INFO - Process each file at most once every 30 seconds
[2025-06-14T11:06:16.773+0000] {manager.py:489} INFO - Checking for new files in /opt/airflow/dags every 300 seconds
[2025-06-14T11:06:16.773+0000] {manager.py:759} INFO - Searching for files in /opt/airflow/dags
[2025-06-14T11:06:16.796+0000] {manager.py:762} INFO - There are 1 files in /opt/airflow/dags
[2025-06-14T11:06:16.888+0000] {manager.py:893} INFO - 
================================================================================
DAG File Processing Stats

File Path                                 PID  Runtime      # DAGs    # Errors  Last Runtime    Last Run
--------------------------------------  -----  ---------  --------  ----------  --------------  ----------
/opt/airflow/dags/price_tracker_dag.py    175  0.04s             0           0
================================================================================
[2025-06-14T11:06:47.031+0000] {manager.py:893} INFO - 
================================================================================
DAG File Processing Stats

File Path                               PID    Runtime      # DAGs    # Errors  Last Runtime    Last Run
--------------------------------------  -----  ---------  --------  ----------  --------------  -------------------
/opt/airflow/dags/price_tracker_dag.py                           0           1  1.27s           2025-06-14T11:06:18
================================================================================
[2025-06-14T11:07:17.390+0000] {manager.py:893} INFO - 
================================================================================
DAG File Processing Stats

File Path                               PID    Runtime      # DAGs    # Errors  Last Runtime    Last Run
--------------------------------------  -----  ---------  --------  ----------  --------------  -------------------
/opt/airflow/dags/price_tracker_dag.py                           0           1  0.53s           2025-06-14T11:06:48
================================================================================
[2025-06-14T11:07:47.538+0000] {manager.py:893} INFO - 
================================================================================
DAG File Processing Stats

File Path                               PID    Runtime      # DAGs    # Errors  Last Runtime    Last Run
--------------------------------------  -----  ---------  --------  ----------  --------------  -------------------
/opt/airflow/dags/price_tracker_dag.py                           0           1  0.53s           2025-06-14T11:07:19
================================================================================
[2025-06-14T11:08:17.710+0000] {manager.py:893} INFO - 
================================================================================
DAG File Processing Stats

File Path                               PID    Runtime      # DAGs    # Errors  Last Runtime    Last Run
--------------------------------------  -----  ---------  --------  ----------  --------------  -------------------
/opt/airflow/dags/price_tracker_dag.py                           0           1  0.61s           2025-06-14T11:07:50
================================================================================
[2025-06-14T11:08:47.863+0000] {manager.py:893} INFO - 
================================================================================
DAG File Processing Stats

File Path                               PID    Runtime      # DAGs    # Errors  Last Runtime    Last Run
--------------------------------------  -----  ---------  --------  ----------  --------------  -------------------
/opt/airflow/dags/price_tracker_dag.py                           0           1  0.53s           2025-06-14T11:08:20
================================================================================
[2025-06-14T11:09:18.224+0000] {manager.py:893} INFO - 
================================================================================
DAG File Processing Stats

File Path                               PID    Runtime      # DAGs    # Errors  Last Runtime    Last Run
--------------------------------------  -----  ---------  --------  ----------  --------------  -------------------
/opt/airflow/dags/price_tracker_dag.py                           0           1  0.52s           2025-06-14T11:08:51
================================================================================
[2025-06-14T11:09:48.672+0000] {manager.py:893} INFO - 
================================================================================
DAG File Processing Stats

File Path                               PID    Runtime      # DAGs    # Errors  Last Runtime    Last Run
--------------------------------------  -----  ---------  --------  ----------  --------------  -------------------
/opt/airflow/dags/price_tracker_dag.py                           0           1  0.43s           2025-06-14T11:09:21
================================================================================
[2025-06-14T11:10:19.240+0000] {manager.py:893} INFO - 
================================================================================
DAG File Processing Stats

File Path                               PID    Runtime      # DAGs    # Errors  Last Runtime    Last Run
--------------------------------------  -----  ---------  --------  ----------  --------------  -------------------
/opt/airflow/dags/price_tracker_dag.py                           0           1  0.40s           2025-06-14T11:09:52
================================================================================
[2025-06-14T11:10:49.775+0000] {manager.py:893} INFO - 
================================================================================
DAG File Processing Stats

File Path                               PID    Runtime      # DAGs    # Errors  Last Runtime    Last Run
--------------------------------------  -----  ---------  --------  ----------  --------------  -------------------
/opt/airflow/dags/price_tracker_dag.py                           0           1  0.40s           2025-06-14T11:10:23
================================================================================
[2025-06-14T11:11:17.299+0000] {manager.py:759} INFO - Searching for files in /opt/airflow/dags
[2025-06-14T11:11:17.316+0000] {manager.py:762} INFO - There are 1 files in /opt/airflow/dags
[2025-06-14T11:11:20.338+0000] {manager.py:893} INFO - 
================================================================================
DAG File Processing Stats

File Path                               PID    Runtime      # DAGs    # Errors  Last Runtime    Last Run
--------------------------------------  -----  ---------  --------  ----------  --------------  -------------------
/opt/airflow/dags/price_tracker_dag.py                           0           1  0.45s           2025-06-14T11:10:53
================================================================================
[2025-06-14T11:11:50.899+0000] {manager.py:893} INFO - 
================================================================================
DAG File Processing Stats

File Path                               PID    Runtime      # DAGs    # Errors  Last Runtime    Last Run
--------------------------------------  -----  ---------  --------  ----------  --------------  -------------------
/opt/airflow/dags/price_tracker_dag.py                           0           1  0.43s           2025-06-14T11:11:24
================================================================================
[2025-06-14T11:12:21.465+0000] {manager.py:893} INFO - 
================================================================================
DAG File Processing Stats

File Path                               PID    Runtime      # DAGs    # Errors  Last Runtime    Last Run
--------------------------------------  -----  ---------  --------  ----------  --------------  -------------------
/opt/airflow/dags/price_tracker_dag.py                           0           1  0.39s           2025-06-14T11:11:54
================================================================================
[2025-06-14T11:12:51.997+0000] {manager.py:893} INFO - 
================================================================================
DAG File Processing Stats

File Path                               PID    Runtime      # DAGs    # Errors  Last Runtime    Last Run
--------------------------------------  -----  ---------  --------  ----------  --------------  -------------------
/opt/airflow/dags/price_tracker_dag.py                           0           1  0.39s           2025-06-14T11:12:25
================================================================================
[2025-06-14T11:13:22.126+0000] {manager.py:893} INFO - 
================================================================================
DAG File Processing Stats

File Path                               PID    Runtime      # DAGs    # Errors  Last Runtime    Last Run
--------------------------------------  -----  ---------  --------  ----------  --------------  -------------------
/opt/airflow/dags/price_tracker_dag.py                           0           1  0.61s           2025-06-14T11:12:56
================================================================================
[2025-06-14T11:13:52.653+0000] {manager.py:893} INFO - 
================================================================================
DAG File Processing Stats

File Path                               PID    Runtime      # DAGs    # Errors  Last Runtime    Last Run
--------------------------------------  -----  ---------  --------  ----------  --------------  -------------------
/opt/airflow/dags/price_tracker_dag.py                           0           1  0.53s           2025-06-14T11:13:26
================================================================================
[2025-06-14T11:14:22.921+0000] {manager.py:893} INFO - 
================================================================================
DAG File Processing Stats

File Path                               PID    Runtime      # DAGs    # Errors  Last Runtime    Last Run
--------------------------------------  -----  ---------  --------  ----------  --------------  -------------------
/opt/airflow/dags/price_tracker_dag.py                           0           1  0.54s           2025-06-14T11:13:57
================================================================================
[2025-06-14T11:14:53.079+0000] {manager.py:893} INFO - 
================================================================================
DAG File Processing Stats

File Path                               PID    Runtime      # DAGs    # Errors  Last Runtime    Last Run
--------------------------------------  -----  ---------  --------  ----------  --------------  -------------------
/opt/airflow/dags/price_tracker_dag.py                           0           1  0.64s           2025-06-14T11:14:28
================================================================================
[2025-06-14T11:15:11.713+0000] {manager.py:469} INFO - Exiting gracefully upon receiving signal 15
[2025-06-14T11:15:25.095+0000] {manager.py:487} INFO - Processing files using up to 2 processes at a time 
[2025-06-14T11:15:25.096+0000] {manager.py:488} INFO - Process each file at most once every 30 seconds
[2025-06-14T11:15:25.096+0000] {manager.py:489} INFO - Checking for new files in /opt/airflow/dags every 300 seconds
[2025-06-14T11:15:25.097+0000] {manager.py:759} INFO - Searching for files in /opt/airflow/dags
[2025-06-14T11:15:25.120+0000] {manager.py:762} INFO - There are 1 files in /opt/airflow/dags
[2025-06-14T11:15:25.215+0000] {manager.py:893} INFO - 
================================================================================
DAG File Processing Stats

File Path                                 PID  Runtime      # DAGs    # Errors  Last Runtime    Last Run
--------------------------------------  -----  ---------  --------  ----------  --------------  ----------
/opt/airflow/dags/price_tracker_dag.py    175  0.04s             0           0
================================================================================
[2025-06-14T11:15:55.353+0000] {manager.py:893} INFO - 
================================================================================
DAG File Processing Stats

File Path                               PID    Runtime      # DAGs    # Errors  Last Runtime    Last Run
--------------------------------------  -----  ---------  --------  ----------  --------------  -------------------
/opt/airflow/dags/price_tracker_dag.py                           0           1  1.37s           2025-06-14T11:15:26
================================================================================
[2025-06-14T11:16:25.513+0000] {manager.py:893} INFO - 
================================================================================
DAG File Processing Stats

File Path                               PID    Runtime      # DAGs    # Errors  Last Runtime    Last Run
--------------------------------------  -----  ---------  --------  ----------  --------------  -------------------
/opt/airflow/dags/price_tracker_dag.py                           0           1  0.77s           2025-06-14T11:15:57
================================================================================
[2025-06-14T11:16:55.696+0000] {manager.py:893} INFO - 
================================================================================
DAG File Processing Stats

File Path                               PID    Runtime      # DAGs    # Errors  Last Runtime    Last Run
--------------------------------------  -----  ---------  --------  ----------  --------------  -------------------
/opt/airflow/dags/price_tracker_dag.py                           0           1  0.63s           2025-06-14T11:16:28
================================================================================
[2025-06-14T11:17:25.842+0000] {manager.py:893} INFO - 
================================================================================
DAG File Processing Stats

File Path                               PID    Runtime      # DAGs    # Errors  Last Runtime    Last Run
--------------------------------------  -----  ---------  --------  ----------  --------------  -------------------
/opt/airflow/dags/price_tracker_dag.py                           0           1  0.65s           2025-06-14T11:16:58
================================================================================
[2025-06-14T11:17:55.928+0000] {manager.py:893} INFO - 
================================================================================
DAG File Processing Stats

File Path                               PID    Runtime      # DAGs    # Errors  Last Runtime    Last Run
--------------------------------------  -----  ---------  --------  ----------  --------------  -------------------
/opt/airflow/dags/price_tracker_dag.py                           0           1  0.71s           2025-06-14T11:17:29
================================================================================
[2025-06-14T11:18:26.373+0000] {manager.py:893} INFO - 
================================================================================
DAG File Processing Stats

File Path                               PID    Runtime      # DAGs    # Errors  Last Runtime    Last Run
--------------------------------------  -----  ---------  --------  ----------  --------------  -------------------
/opt/airflow/dags/price_tracker_dag.py                           0           1  0.63s           2025-06-14T11:18:00
================================================================================
[2025-06-14T11:18:56.857+0000] {manager.py:893} INFO - 
================================================================================
DAG File Processing Stats

File Path                               PID    Runtime      # DAGs    # Errors  Last Runtime    Last Run
--------------------------------------  -----  ---------  --------  ----------  --------------  -------------------
/opt/airflow/dags/price_tracker_dag.py                           0           1  0.50s           2025-06-14T11:18:31
================================================================================
[2025-06-14T11:19:24.346+0000] {manager.py:469} INFO - Exiting gracefully upon receiving signal 15
[2025-06-14T11:21:42.080+0000] {manager.py:487} INFO - Processing files using up to 2 processes at a time 
[2025-06-14T11:21:42.081+0000] {manager.py:488} INFO - Process each file at most once every 30 seconds
[2025-06-14T11:21:42.081+0000] {manager.py:489} INFO - Checking for new files in /opt/airflow/dags every 300 seconds
[2025-06-14T11:21:42.082+0000] {manager.py:759} INFO - Searching for files in /opt/airflow/dags
[2025-06-14T11:21:42.102+0000] {manager.py:762} INFO - There are 1 files in /opt/airflow/dags
[2025-06-14T11:21:42.218+0000] {manager.py:893} INFO - 
================================================================================
DAG File Processing Stats

File Path                                 PID  Runtime      # DAGs    # Errors  Last Runtime    Last Run
--------------------------------------  -----  ---------  --------  ----------  --------------  ----------
/opt/airflow/dags/price_tracker_dag.py    173  0.05s             0           0
================================================================================
[2025-06-14T11:22:12.339+0000] {manager.py:893} INFO - 
================================================================================
DAG File Processing Stats

File Path                               PID    Runtime      # DAGs    # Errors  Last Runtime    Last Run
--------------------------------------  -----  ---------  --------  ----------  --------------  -------------------
/opt/airflow/dags/price_tracker_dag.py                           1           0  2.78s           2025-06-14T11:21:44
================================================================================
[2025-06-14T11:22:42.481+0000] {manager.py:893} INFO - 
================================================================================
DAG File Processing Stats

File Path                               PID    Runtime      # DAGs    # Errors  Last Runtime    Last Run
--------------------------------------  -----  ---------  --------  ----------  --------------  -------------------
/opt/airflow/dags/price_tracker_dag.py                           1           0  1.29s           2025-06-14T11:22:16
================================================================================
[2025-06-14T11:23:12.744+0000] {manager.py:893} INFO - 
================================================================================
DAG File Processing Stats

File Path                               PID    Runtime      # DAGs    # Errors  Last Runtime    Last Run
--------------------------------------  -----  ---------  --------  ----------  --------------  -------------------
/opt/airflow/dags/price_tracker_dag.py                           1           0  1.32s           2025-06-14T11:22:47
================================================================================
[2025-06-14T11:23:43.085+0000] {manager.py:893} INFO - 
================================================================================
DAG File Processing Stats

File Path                               PID    Runtime      # DAGs    # Errors  Last Runtime    Last Run
--------------------------------------  -----  ---------  --------  ----------  --------------  -------------------
/opt/airflow/dags/price_tracker_dag.py                           1           0  1.29s           2025-06-14T11:23:19
================================================================================
[2025-06-14T11:24:13.499+0000] {manager.py:893} INFO - 
================================================================================
DAG File Processing Stats

File Path                               PID    Runtime      # DAGs    # Errors  Last Runtime    Last Run
--------------------------------------  -----  ---------  --------  ----------  --------------  -------------------
/opt/airflow/dags/price_tracker_dag.py                           1           0  1.32s           2025-06-14T11:23:50
================================================================================
[2025-06-14T11:24:43.951+0000] {manager.py:893} INFO - 
================================================================================
DAG File Processing Stats

File Path                               PID    Runtime      # DAGs    # Errors  Last Runtime    Last Run
--------------------------------------  -----  ---------  --------  ----------  --------------  -------------------
/opt/airflow/dags/price_tracker_dag.py                           1           0  1.30s           2025-06-14T11:24:22
================================================================================
[2025-06-14T11:25:14.380+0000] {manager.py:893} INFO - 
================================================================================
DAG File Processing Stats

File Path                               PID    Runtime      # DAGs    # Errors  Last Runtime    Last Run
--------------------------------------  -----  ---------  --------  ----------  --------------  -------------------
/opt/airflow/dags/price_tracker_dag.py                           1           0  1.33s           2025-06-14T11:24:53
================================================================================
[2025-06-14T11:25:44.845+0000] {manager.py:893} INFO - 
================================================================================
DAG File Processing Stats

File Path                               PID    Runtime      # DAGs    # Errors  Last Runtime    Last Run
--------------------------------------  -----  ---------  --------  ----------  --------------  -------------------
/opt/airflow/dags/price_tracker_dag.py                           1           0  1.34s           2025-06-14T11:25:25
================================================================================
[2025-06-14T11:26:15.319+0000] {manager.py:893} INFO - 
================================================================================
DAG File Processing Stats

File Path                               PID    Runtime      # DAGs    # Errors  Last Runtime    Last Run
--------------------------------------  -----  ---------  --------  ----------  --------------  -------------------
/opt/airflow/dags/price_tracker_dag.py                           1           0  1.30s           2025-06-14T11:25:56
================================================================================
[2025-06-14T11:26:42.732+0000] {manager.py:759} INFO - Searching for files in /opt/airflow/dags
[2025-06-14T11:26:42.756+0000] {manager.py:762} INFO - There are 1 files in /opt/airflow/dags
[2025-06-14T11:26:45.780+0000] {manager.py:893} INFO - 
================================================================================
DAG File Processing Stats

File Path                               PID    Runtime      # DAGs    # Errors  Last Runtime    Last Run
--------------------------------------  -----  ---------  --------  ----------  --------------  -------------------
/opt/airflow/dags/price_tracker_dag.py                           1           0  1.29s           2025-06-14T11:26:27
================================================================================
[2025-06-14T11:27:16.154+0000] {manager.py:893} INFO - 
================================================================================
DAG File Processing Stats

File Path                               PID    Runtime      # DAGs    # Errors  Last Runtime    Last Run
--------------------------------------  -----  ---------  --------  ----------  --------------  -------------------
/opt/airflow/dags/price_tracker_dag.py                           1           0  1.25s           2025-06-14T11:26:59
================================================================================
[2025-06-14T11:27:46.536+0000] {manager.py:893} INFO - 
================================================================================
DAG File Processing Stats

File Path                               PID    Runtime      # DAGs    # Errors  Last Runtime    Last Run
--------------------------------------  -----  ---------  --------  ----------  --------------  -------------------
/opt/airflow/dags/price_tracker_dag.py                           1           0  1.29s           2025-06-14T11:27:30
================================================================================
[2025-06-14T11:28:16.955+0000] {manager.py:893} INFO - 
================================================================================
DAG File Processing Stats

File Path                               PID    Runtime      # DAGs    # Errors  Last Runtime    Last Run
--------------------------------------  -----  ---------  --------  ----------  --------------  -------------------
/opt/airflow/dags/price_tracker_dag.py                           1           0  1.30s           2025-06-14T11:28:02
================================================================================
[2025-06-14T11:28:47.388+0000] {manager.py:893} INFO - 
================================================================================
DAG File Processing Stats

File Path                               PID    Runtime      # DAGs    # Errors  Last Runtime    Last Run
--------------------------------------  -----  ---------  --------  ----------  --------------  -------------------
/opt/airflow/dags/price_tracker_dag.py                           1           0  1.28s           2025-06-14T11:28:33
================================================================================
[2025-06-14T11:29:17.799+0000] {manager.py:893} INFO - 
================================================================================
DAG File Processing Stats

File Path                               PID    Runtime      # DAGs    # Errors  Last Runtime    Last Run
--------------------------------------  -----  ---------  --------  ----------  --------------  -------------------
/opt/airflow/dags/price_tracker_dag.py                           1           0  1.31s           2025-06-14T11:29:05
================================================================================
[2025-06-14T11:29:48.246+0000] {manager.py:893} INFO - 
================================================================================
DAG File Processing Stats

File Path                               PID    Runtime      # DAGs    # Errors  Last Runtime    Last Run
--------------------------------------  -----  ---------  --------  ----------  --------------  -------------------
/opt/airflow/dags/price_tracker_dag.py                           1           0  1.29s           2025-06-14T11:29:36
================================================================================
[2025-06-14T11:30:18.663+0000] {manager.py:893} INFO - 
================================================================================
DAG File Processing Stats

File Path                               PID    Runtime      # DAGs    # Errors  Last Runtime    Last Run
--------------------------------------  -----  ---------  --------  ----------  --------------  -------------------
/opt/airflow/dags/price_tracker_dag.py                           1           0  1.32s           2025-06-14T11:30:07
================================================================================
[2025-06-14T11:30:49.103+0000] {manager.py:893} INFO - 
================================================================================
DAG File Processing Stats

File Path                               PID    Runtime      # DAGs    # Errors  Last Runtime    Last Run
--------------------------------------  -----  ---------  --------  ----------  --------------  -------------------
/opt/airflow/dags/price_tracker_dag.py                           1           0  1.23s           2025-06-14T11:30:39
================================================================================
[2025-06-14T11:31:19.465+0000] {manager.py:893} INFO - 
================================================================================
DAG File Processing Stats

File Path                               PID    Runtime      # DAGs    # Errors  Last Runtime    Last Run
--------------------------------------  -----  ---------  --------  ----------  --------------  -------------------
/opt/airflow/dags/price_tracker_dag.py                           1           0  1.32s           2025-06-14T11:31:10
================================================================================
[2025-06-14T11:31:42.884+0000] {manager.py:759} INFO - Searching for files in /opt/airflow/dags
[2025-06-14T11:31:42.899+0000] {manager.py:762} INFO - There are 1 files in /opt/airflow/dags
[2025-06-14T11:31:49.938+0000] {manager.py:893} INFO - 
================================================================================
DAG File Processing Stats

File Path                               PID    Runtime      # DAGs    # Errors  Last Runtime    Last Run
--------------------------------------  -----  ---------  --------  ----------  --------------  -------------------
/opt/airflow/dags/price_tracker_dag.py                           1           0  1.32s           2025-06-14T11:31:42
================================================================================
[2025-06-14T11:32:20.359+0000] {manager.py:893} INFO - 
================================================================================
DAG File Processing Stats

File Path                               PID    Runtime      # DAGs    # Errors  Last Runtime    Last Run
--------------------------------------  -----  ---------  --------  ----------  --------------  -------------------
/opt/airflow/dags/price_tracker_dag.py                           1           0  1.24s           2025-06-14T11:32:13
================================================================================
[2025-06-14T11:32:50.737+0000] {manager.py:893} INFO - 
================================================================================
DAG File Processing Stats

File Path                               PID    Runtime      # DAGs    # Errors  Last Runtime    Last Run
--------------------------------------  -----  ---------  --------  ----------  --------------  -------------------
/opt/airflow/dags/price_tracker_dag.py                           1           0  1.34s           2025-06-14T11:32:45
================================================================================
[2025-06-14T11:33:21.206+0000] {manager.py:893} INFO - 
================================================================================
DAG File Processing Stats

File Path                               PID    Runtime      # DAGs    # Errors  Last Runtime    Last Run
--------------------------------------  -----  ---------  --------  ----------  --------------  -------------------
/opt/airflow/dags/price_tracker_dag.py                           1           0  1.25s           2025-06-14T11:33:16
================================================================================
[2025-06-14T11:33:51.576+0000] {manager.py:893} INFO - 
================================================================================
DAG File Processing Stats

File Path                               PID    Runtime      # DAGs    # Errors  Last Runtime    Last Run
--------------------------------------  -----  ---------  --------  ----------  --------------  -------------------
/opt/airflow/dags/price_tracker_dag.py                           1           0  1.34s           2025-06-14T11:33:47
================================================================================
[2025-06-14T11:34:22.043+0000] {manager.py:893} INFO - 
================================================================================
DAG File Processing Stats

File Path                               PID    Runtime      # DAGs    # Errors  Last Runtime    Last Run
--------------------------------------  -----  ---------  --------  ----------  --------------  -------------------
/opt/airflow/dags/price_tracker_dag.py                           1           0  1.33s           2025-06-14T11:34:19
================================================================================
[2025-06-14T11:34:52.503+0000] {manager.py:893} INFO - 
================================================================================
DAG File Processing Stats

File Path                               PID    Runtime      # DAGs    # Errors  Last Runtime    Last Run
--------------------------------------  -----  ---------  --------  ----------  --------------  -------------------
/opt/airflow/dags/price_tracker_dag.py                           1           0  1.35s           2025-06-14T11:34:50
================================================================================
[2025-06-14T11:35:22.650+0000] {manager.py:893} INFO - 
================================================================================
DAG File Processing Stats

File Path                                 PID  Runtime      # DAGs    # Errors  Last Runtime    Last Run
--------------------------------------  -----  ---------  --------  ----------  --------------  -------------------
/opt/airflow/dags/price_tracker_dag.py    354  1.67s             1           0  1.35s           2025-06-14T11:34:50
================================================================================
[2025-06-14T11:35:53.140+0000] {manager.py:893} INFO - 
================================================================================
DAG File Processing Stats

File Path                               PID    Runtime      # DAGs    # Errors  Last Runtime    Last Run
--------------------------------------  -----  ---------  --------  ----------  --------------  -------------------
/opt/airflow/dags/price_tracker_dag.py                           1           0  2.43s           2025-06-14T11:35:23
================================================================================
[2025-06-14T11:36:23.702+0000] {manager.py:893} INFO - 
================================================================================
DAG File Processing Stats

File Path                               PID    Runtime      # DAGs    # Errors  Last Runtime    Last Run
--------------------------------------  -----  ---------  --------  ----------  --------------  -------------------
/opt/airflow/dags/price_tracker_dag.py                           1           0  1.41s           2025-06-14T11:35:54
================================================================================
[2025-06-14T11:36:26.269+0000] {manager.py:469} INFO - Exiting gracefully upon receiving signal 15
[2025-06-14T11:36:26.269+0000] {manager.py:469} INFO - Exiting gracefully upon receiving signal 15
[2025-06-14T11:36:26.450+0000] {manager.py:469} INFO - Exiting gracefully upon receiving signal 15
[2025-06-14T11:36:55.129+0000] {manager.py:487} INFO - Processing files using up to 2 processes at a time 
[2025-06-14T11:36:55.130+0000] {manager.py:488} INFO - Process each file at most once every 30 seconds
[2025-06-14T11:36:55.130+0000] {manager.py:489} INFO - Checking for new files in /opt/airflow/dags every 300 seconds
[2025-06-14T11:36:55.131+0000] {manager.py:759} INFO - Searching for files in /opt/airflow/dags
[2025-06-14T11:36:55.148+0000] {manager.py:762} INFO - There are 1 files in /opt/airflow/dags
[2025-06-14T11:36:55.260+0000] {manager.py:893} INFO - 
================================================================================
DAG File Processing Stats

File Path                                 PID  Runtime      # DAGs    # Errors  Last Runtime    Last Run
--------------------------------------  -----  ---------  --------  ----------  --------------  ----------
/opt/airflow/dags/price_tracker_dag.py    173  0.05s             0           0
================================================================================
[2025-06-14T11:37:25.502+0000] {manager.py:893} INFO - 
================================================================================
DAG File Processing Stats

File Path                               PID    Runtime      # DAGs    # Errors  Last Runtime    Last Run
--------------------------------------  -----  ---------  --------  ----------  --------------  -------------------
/opt/airflow/dags/price_tracker_dag.py                           1           0  3.16s           2025-06-14T11:36:58
================================================================================
[2025-06-14T11:37:55.656+0000] {manager.py:893} INFO - 
================================================================================
DAG File Processing Stats

File Path                               PID    Runtime      # DAGs    # Errors  Last Runtime    Last Run
--------------------------------------  -----  ---------  --------  ----------  --------------  -------------------
/opt/airflow/dags/price_tracker_dag.py                           1           0  1.26s           2025-06-14T11:37:29
================================================================================
[2025-06-14T11:38:26.041+0000] {manager.py:893} INFO - 
================================================================================
DAG File Processing Stats

File Path                               PID    Runtime      # DAGs    # Errors  Last Runtime    Last Run
--------------------------------------  -----  ---------  --------  ----------  --------------  -------------------
/opt/airflow/dags/price_tracker_dag.py                           1           0  1.28s           2025-06-14T11:38:01
================================================================================
[2025-06-14T11:38:56.458+0000] {manager.py:893} INFO - 
================================================================================
DAG File Processing Stats

File Path                               PID    Runtime      # DAGs    # Errors  Last Runtime    Last Run
--------------------------------------  -----  ---------  --------  ----------  --------------  -------------------
/opt/airflow/dags/price_tracker_dag.py                           1           0  1.34s           2025-06-14T11:38:32
================================================================================
[2025-06-14T11:39:26.932+0000] {manager.py:893} INFO - 
================================================================================
DAG File Processing Stats

File Path                               PID    Runtime      # DAGs    # Errors  Last Runtime    Last Run
--------------------------------------  -----  ---------  --------  ----------  --------------  -------------------
/opt/airflow/dags/price_tracker_dag.py                           1           0  1.34s           2025-06-14T11:39:04
================================================================================
[2025-06-14T11:39:57.410+0000] {manager.py:893} INFO - 
================================================================================
DAG File Processing Stats

File Path                               PID    Runtime      # DAGs    # Errors  Last Runtime    Last Run
--------------------------------------  -----  ---------  --------  ----------  --------------  -------------------
/opt/airflow/dags/price_tracker_dag.py                           1           0  1.33s           2025-06-14T11:39:35
================================================================================
[2025-06-14T11:40:27.866+0000] {manager.py:893} INFO - 
================================================================================
DAG File Processing Stats

File Path                               PID    Runtime      # DAGs    # Errors  Last Runtime    Last Run
--------------------------------------  -----  ---------  --------  ----------  --------------  -------------------
/opt/airflow/dags/price_tracker_dag.py                           1           0  1.29s           2025-06-14T11:40:07
================================================================================
[2025-06-14T11:40:58.280+0000] {manager.py:893} INFO - 
================================================================================
DAG File Processing Stats

File Path                               PID    Runtime      # DAGs    # Errors  Last Runtime    Last Run
--------------------------------------  -----  ---------  --------  ----------  --------------  -------------------
/opt/airflow/dags/price_tracker_dag.py                           1           0  1.27s           2025-06-14T11:40:38
================================================================================
[2025-06-14T11:41:28.678+0000] {manager.py:893} INFO - 
================================================================================
DAG File Processing Stats

File Path                               PID    Runtime      # DAGs    # Errors  Last Runtime    Last Run
--------------------------------------  -----  ---------  --------  ----------  --------------  -------------------
/opt/airflow/dags/price_tracker_dag.py                           1           0  1.27s           2025-06-14T11:41:09
================================================================================
[2025-06-14T11:41:55.339+0000] {manager.py:759} INFO - Searching for files in /opt/airflow/dags
[2025-06-14T11:41:55.355+0000] {manager.py:762} INFO - There are 1 files in /opt/airflow/dags
[2025-06-14T11:41:59.075+0000] {manager.py:893} INFO - 
================================================================================
DAG File Processing Stats

File Path                               PID    Runtime      # DAGs    # Errors  Last Runtime    Last Run
--------------------------------------  -----  ---------  --------  ----------  --------------  -------------------
/opt/airflow/dags/price_tracker_dag.py                           1           0  1.29s           2025-06-14T11:41:41
================================================================================
[2025-06-14T11:42:29.520+0000] {manager.py:893} INFO - 
================================================================================
DAG File Processing Stats

File Path                               PID    Runtime      # DAGs    # Errors  Last Runtime    Last Run
--------------------------------------  -----  ---------  --------  ----------  --------------  -------------------
/opt/airflow/dags/price_tracker_dag.py                           1           0  1.26s           2025-06-14T11:42:12
================================================================================
[2025-06-14T11:42:59.904+0000] {manager.py:893} INFO - 
================================================================================
DAG File Processing Stats

File Path                               PID    Runtime      # DAGs    # Errors  Last Runtime    Last Run
--------------------------------------  -----  ---------  --------  ----------  --------------  -------------------
/opt/airflow/dags/price_tracker_dag.py                           1           0  1.32s           2025-06-14T11:42:44
================================================================================
[2025-06-14T11:43:30.347+0000] {manager.py:893} INFO - 
================================================================================
DAG File Processing Stats

File Path                               PID    Runtime      # DAGs    # Errors  Last Runtime    Last Run
--------------------------------------  -----  ---------  --------  ----------  --------------  -------------------
/opt/airflow/dags/price_tracker_dag.py                           1           0  1.29s           2025-06-14T11:43:15
================================================================================
[2025-06-14T11:44:00.767+0000] {manager.py:893} INFO - 
================================================================================
DAG File Processing Stats

File Path                               PID    Runtime      # DAGs    # Errors  Last Runtime    Last Run
--------------------------------------  -----  ---------  --------  ----------  --------------  -------------------
/opt/airflow/dags/price_tracker_dag.py                           1           0  1.33s           2025-06-14T11:43:47
================================================================================
[2025-06-14T11:44:31.238+0000] {manager.py:893} INFO - 
================================================================================
DAG File Processing Stats

File Path                               PID    Runtime      # DAGs    # Errors  Last Runtime    Last Run
--------------------------------------  -----  ---------  --------  ----------  --------------  -------------------
/opt/airflow/dags/price_tracker_dag.py                           1           0  1.36s           2025-06-14T11:44:18
================================================================================
[2025-06-14T11:45:01.725+0000] {manager.py:893} INFO - 
================================================================================
DAG File Processing Stats

File Path                               PID    Runtime      # DAGs    # Errors  Last Runtime    Last Run
--------------------------------------  -----  ---------  --------  ----------  --------------  -------------------
/opt/airflow/dags/price_tracker_dag.py                           1           0  1.33s           2025-06-14T11:44:49
================================================================================
[2025-06-14T11:45:32.185+0000] {manager.py:893} INFO - 
================================================================================
DAG File Processing Stats

File Path                               PID    Runtime      # DAGs    # Errors  Last Runtime    Last Run
--------------------------------------  -----  ---------  --------  ----------  --------------  -------------------
/opt/airflow/dags/price_tracker_dag.py                           1           0  1.35s           2025-06-14T11:45:21
================================================================================
[2025-06-14T11:46:02.660+0000] {manager.py:893} INFO - 
================================================================================
DAG File Processing Stats

File Path                               PID    Runtime      # DAGs    # Errors  Last Runtime    Last Run
--------------------------------------  -----  ---------  --------  ----------  --------------  -------------------
/opt/airflow/dags/price_tracker_dag.py                           1           0  1.47s           2025-06-14T11:45:53
================================================================================
[2025-06-14T11:46:33.257+0000] {manager.py:893} INFO - 
================================================================================
DAG File Processing Stats

File Path                               PID    Runtime      # DAGs    # Errors  Last Runtime    Last Run
--------------------------------------  -----  ---------  --------  ----------  --------------  -------------------
/opt/airflow/dags/price_tracker_dag.py                           1           0  1.35s           2025-06-14T11:46:24
================================================================================
[2025-06-14T11:46:55.354+0000] {manager.py:759} INFO - Searching for files in /opt/airflow/dags
[2025-06-14T11:46:55.373+0000] {manager.py:762} INFO - There are 1 files in /opt/airflow/dags
[2025-06-14T11:47:03.744+0000] {manager.py:893} INFO - 
================================================================================
DAG File Processing Stats

File Path                               PID    Runtime      # DAGs    # Errors  Last Runtime    Last Run
--------------------------------------  -----  ---------  --------  ----------  --------------  -------------------
/opt/airflow/dags/price_tracker_dag.py                           1           0  1.38s           2025-06-14T11:46:56
================================================================================
[2025-06-14T11:47:34.249+0000] {manager.py:893} INFO - 
================================================================================
DAG File Processing Stats

File Path                               PID    Runtime      # DAGs    # Errors  Last Runtime    Last Run
--------------------------------------  -----  ---------  --------  ----------  --------------  -------------------
/opt/airflow/dags/price_tracker_dag.py                           1           0  1.23s           2025-06-14T11:47:27
================================================================================
[2025-06-14T11:48:04.598+0000] {manager.py:893} INFO - 
================================================================================
DAG File Processing Stats

File Path                               PID    Runtime      # DAGs    # Errors  Last Runtime    Last Run
--------------------------------------  -----  ---------  --------  ----------  --------------  -------------------
/opt/airflow/dags/price_tracker_dag.py                           1           0  1.53s           2025-06-14T11:47:59
================================================================================
[2025-06-14T11:48:35.263+0000] {manager.py:893} INFO - 
================================================================================
DAG File Processing Stats

File Path                               PID    Runtime      # DAGs    # Errors  Last Runtime    Last Run
--------------------------------------  -----  ---------  --------  ----------  --------------  -------------------
/opt/airflow/dags/price_tracker_dag.py                           1           0  1.21s           2025-06-14T11:48:30
================================================================================
[2025-06-14T11:49:05.580+0000] {manager.py:893} INFO - 
================================================================================
DAG File Processing Stats

File Path                               PID    Runtime      # DAGs    # Errors  Last Runtime    Last Run
--------------------------------------  -----  ---------  --------  ----------  --------------  -------------------
/opt/airflow/dags/price_tracker_dag.py                           1           0  1.23s           2025-06-14T11:49:01
================================================================================
[2025-06-14T11:49:35.928+0000] {manager.py:893} INFO - 
================================================================================
DAG File Processing Stats

File Path                               PID    Runtime      # DAGs    # Errors  Last Runtime    Last Run
--------------------------------------  -----  ---------  --------  ----------  --------------  -------------------
/opt/airflow/dags/price_tracker_dag.py                           1           0  1.28s           2025-06-14T11:49:33
================================================================================
[2025-06-14T11:50:06.339+0000] {manager.py:893} INFO - 
================================================================================
DAG File Processing Stats

File Path                               PID    Runtime      # DAGs    # Errors  Last Runtime    Last Run
--------------------------------------  -----  ---------  --------  ----------  --------------  -------------------
/opt/airflow/dags/price_tracker_dag.py                           1           0  1.27s           2025-06-14T11:50:04
================================================================================
[2025-06-14T11:50:36.736+0000] {manager.py:893} INFO - 
================================================================================
DAG File Processing Stats

File Path                               PID    Runtime      # DAGs    # Errors  Last Runtime    Last Run
--------------------------------------  -----  ---------  --------  ----------  --------------  -------------------
/opt/airflow/dags/price_tracker_dag.py                           1           0  1.31s           2025-06-14T11:50:36
================================================================================
[2025-06-14T11:51:06.868+0000] {manager.py:893} INFO - 
================================================================================
DAG File Processing Stats

File Path                                 PID  Runtime      # DAGs    # Errors  Last Runtime    Last Run
--------------------------------------  -----  ---------  --------  ----------  --------------  -------------------
/opt/airflow/dags/price_tracker_dag.py    338  0.71s             1           0  1.31s           2025-06-14T11:50:36
================================================================================
[2025-06-14T11:51:37.304+0000] {manager.py:893} INFO - 
================================================================================
DAG File Processing Stats

File Path                               PID    Runtime      # DAGs    # Errors  Last Runtime    Last Run
--------------------------------------  -----  ---------  --------  ----------  --------------  -------------------
/opt/airflow/dags/price_tracker_dag.py                           1           0  1.36s           2025-06-14T11:51:07
================================================================================
[2025-06-14T11:51:55.738+0000] {manager.py:759} INFO - Searching for files in /opt/airflow/dags
[2025-06-14T11:51:55.754+0000] {manager.py:762} INFO - There are 1 files in /opt/airflow/dags
[2025-06-14T11:52:07.376+0000] {manager.py:893} INFO - 
================================================================================
DAG File Processing Stats

File Path                               PID    Runtime      # DAGs    # Errors  Last Runtime    Last Run
--------------------------------------  -----  ---------  --------  ----------  --------------  -------------------
/opt/airflow/dags/price_tracker_dag.py                           1           0  1.60s           2025-06-14T11:51:39
================================================================================
[2025-06-14T11:52:37.525+0000] {manager.py:893} INFO - 
================================================================================
DAG File Processing Stats

File Path                               PID    Runtime      # DAGs    # Errors  Last Runtime    Last Run
--------------------------------------  -----  ---------  --------  ----------  --------------  -------------------
/opt/airflow/dags/price_tracker_dag.py                           1           0  1.33s           2025-06-14T11:52:10
================================================================================
[2025-06-14T11:53:07.984+0000] {manager.py:893} INFO - 
================================================================================
DAG File Processing Stats

File Path                               PID    Runtime      # DAGs    # Errors  Last Runtime    Last Run
--------------------------------------  -----  ---------  --------  ----------  --------------  -------------------
/opt/airflow/dags/price_tracker_dag.py                           1           0  1.86s           2025-06-14T11:53:04
================================================================================
[2025-06-14T11:53:38.571+0000] {manager.py:893} INFO - 
================================================================================
DAG File Processing Stats

File Path                               PID    Runtime      # DAGs    # Errors  Last Runtime    Last Run
--------------------------------------  -----  ---------  --------  ----------  --------------  -------------------
/opt/airflow/dags/price_tracker_dag.py                           1           0  1.27s           2025-06-14T11:53:37
================================================================================
[2025-06-14T11:54:08.726+0000] {manager.py:893} INFO - 
================================================================================
DAG File Processing Stats

File Path                                 PID  Runtime      # DAGs    # Errors  Last Runtime    Last Run
--------------------------------------  -----  ---------  --------  ----------  --------------  -------------------
/opt/airflow/dags/price_tracker_dag.py    380  1.01s             1           0  1.27s           2025-06-14T11:53:37
================================================================================
[2025-06-14T11:54:38.868+0000] {manager.py:893} INFO - 
================================================================================
DAG File Processing Stats

File Path                               PID    Runtime      # DAGs    # Errors  Last Runtime    Last Run
--------------------------------------  -----  ---------  --------  ----------  --------------  -------------------
/opt/airflow/dags/price_tracker_dag.py                           1           0  1.29s           2025-06-14T11:54:09
================================================================================
[2025-06-14T11:55:09.272+0000] {manager.py:893} INFO - 
================================================================================
DAG File Processing Stats

File Path                               PID    Runtime      # DAGs    # Errors  Last Runtime    Last Run
--------------------------------------  -----  ---------  --------  ----------  --------------  -------------------
/opt/airflow/dags/price_tracker_dag.py                           1           0  1.26s           2025-06-14T11:54:40
================================================================================
[2025-06-14T11:55:39.455+0000] {manager.py:893} INFO - 
================================================================================
DAG File Processing Stats

File Path                               PID    Runtime      # DAGs    # Errors  Last Runtime    Last Run
--------------------------------------  -----  ---------  --------  ----------  --------------  -------------------
/opt/airflow/dags/price_tracker_dag.py                           1           0  1.27s           2025-06-14T11:55:30
================================================================================
[2025-06-14T11:56:10.343+0000] {manager.py:893} INFO - 
================================================================================
DAG File Processing Stats

File Path                               PID    Runtime      # DAGs    # Errors  Last Runtime    Last Run
--------------------------------------  -----  ---------  --------  ----------  --------------  -------------------
/opt/airflow/dags/price_tracker_dag.py                           1           0  1.80s           2025-06-14T11:56:02
================================================================================
[2025-06-14T11:56:20.565+0000] {manager.py:469} INFO - Exiting gracefully upon receiving signal 15
